[2026-03-31T08:09:03.385Z] {"timestamp":1774944541365,"level":"DEBUG","args":["[Manus] Debug collector initialized (no rrweb, UI events only)"],"stack":null}
[2026-03-31T08:09:03.385Z] {"timestamp":1774944541376,"level":"DEBUG","args":["[vite] connected."],"stack":null}
[2026-03-31T08:09:03.385Z] {"timestamp":1774944541815,"level":"INFO","args":["%cDownload the React DevTools for a better development experience: https://react.dev/link/react-devtools","font-weight:bold"],"stack":null}
[2026-03-31T09:56:57.865Z] {"timestamp":1774951015841,"level":"DEBUG","args":["[Manus] Debug collector initialized (no rrweb, UI events only)"],"stack":null}
[2026-03-31T09:56:57.865Z] {"timestamp":1774951015843,"level":"DEBUG","args":["[vite] connected."],"stack":null}
[2026-03-31T09:56:57.865Z] {"timestamp":1774951016295,"level":"INFO","args":["%cDownload the React DevTools for a better development experience: https://react.dev/link/react-devtools","font-weight:bold"],"stack":null}
[2026-03-31T10:29:41.912Z] {"timestamp":1774952933951,"level":"DEBUG","args":["[vite]","hot updated: /src/pages/Home.tsx"],"stack":null}
[2026-03-31T10:29:41.912Z] {"timestamp":1774952933951,"level":"DEBUG","args":["[vite]","hot updated: /src/index.css"],"stack":null}
[2026-03-31T10:30:04.908Z] {"timestamp":1774953002262,"level":"DEBUG","args":["[Manus] Debug collector initialized (no rrweb, UI events only)"],"stack":null}
[2026-03-31T10:30:04.908Z] {"timestamp":1774953002270,"level":"DEBUG","args":["[vite] connected."],"stack":null}
[2026-03-31T10:30:04.908Z] {"timestamp":1774953002306,"level":"INFO","args":["%cDownload the React DevTools for a better development experience: https://react.dev/link/react-devtools","font-weight:bold"],"stack":null}
[2026-03-31T10:30:13.669Z] {"timestamp":1774953011664,"level":"DEBUG","args":["[Manus] Debug collector initialized (no rrweb, UI events only)"],"stack":null}
[2026-03-31T10:30:13.669Z] {"timestamp":1774953011671,"level":"DEBUG","args":["[vite] connected."],"stack":null}
[2026-03-31T10:30:13.669Z] {"timestamp":1774953011708,"level":"INFO","args":["%cDownload the React DevTools for a better development experience: https://react.dev/link/react-devtools","font-weight:bold"],"stack":null}
[2026-03-31T10:33:27.120Z] {"timestamp":1774953206518,"level":"DEBUG","args":["[vite]","hot updated: /src/pages/Home.tsx"],"stack":null}
[2026-03-31T10:33:27.120Z] {"timestamp":1774953206518,"level":"DEBUG","args":["[vite]","hot updated: /src/index.css"],"stack":null}
[2026-03-31T10:33:32.016Z] {"timestamp":1774953210010,"level":"DEBUG","args":["[Manus] Debug collector initialized (no rrweb, UI events only)"],"stack":null}
[2026-03-31T10:33:32.016Z] {"timestamp":1774953210021,"level":"DEBUG","args":["[vite] connected."],"stack":null}
[2026-03-31T10:33:32.016Z] {"timestamp":1774953210053,"level":"INFO","args":["%cDownload the React DevTools for a better development experience: https://react.dev/link/react-devtools","font-weight:bold"],"stack":null}
[2026-03-31T10:33:35.662Z] {"timestamp":1774953213655,"level":"DEBUG","args":["[Manus] Debug collector initialized (no rrweb, UI events only)"],"stack":null}
[2026-03-31T10:33:35.662Z] {"timestamp":1774953213670,"level":"DEBUG","args":["[vite] connected."],"stack":null}
[2026-03-31T10:33:35.662Z] {"timestamp":1774953213702,"level":"INFO","args":["%cDownload the React DevTools for a better development experience: https://react.dev/link/react-devtools","font-weight:bold"],"stack":null}
[2026-03-31T10:35:20.330Z] {"timestamp":1774953320175,"level":"DEBUG","args":["[vite]","hot updated: /src/pages/Home.tsx"],"stack":null}
[2026-03-31T10:35:20.330Z] {"timestamp":1774953320175,"level":"DEBUG","args":["[vite]","hot updated: /src/index.css"],"stack":null}
[2026-03-31T10:35:28.421Z] {"timestamp":1774953326414,"level":"DEBUG","args":["[Manus] Debug collector initialized (no rrweb, UI events only)"],"stack":null}
[2026-03-31T10:35:28.421Z] {"timestamp":1774953326422,"level":"DEBUG","args":["[vite] connected."],"stack":null}
[2026-03-31T10:35:28.421Z] {"timestamp":1774953326462,"level":"INFO","args":["%cDownload the React DevTools for a better development experience: https://react.dev/link/react-devtools","font-weight:bold"],"stack":null}
