[2026-03-31T08:09:07.370Z] {"timestamp":1774944546407,"kind":"scroll","url":"http://localhost:3000/","viewport":{"width":971,"height":841},"payload":{"scrollX":0,"scrollY":1,"documentHeight":5288,"viewportHeight":841}}
[2026-03-31T08:09:07.370Z] {"timestamp":1774944546923,"kind":"scroll","url":"http://localhost:3000/","viewport":{"width":971,"height":841},"payload":{"scrollX":0,"scrollY":205,"documentHeight":5288,"viewportHeight":841}}
[2026-03-31T08:09:09.368Z] {"timestamp":1774944547423,"kind":"scroll","url":"http://localhost:3000/","viewport":{"width":971,"height":841},"payload":{"scrollX":0,"scrollY":247,"documentHeight":5288,"viewportHeight":841}}
[2026-03-31T08:09:09.368Z] {"timestamp":1774944547923,"kind":"scroll","url":"http://localhost:3000/","viewport":{"width":971,"height":841},"payload":{"scrollX":0,"scrollY":607,"documentHeight":5288,"viewportHeight":841}}
[2026-03-31T08:09:09.368Z] {"timestamp":1774944549123,"kind":"scroll","url":"http://localhost:3000/","viewport":{"width":971,"height":841},"payload":{"scrollX":0,"scrollY":631,"documentHeight":5288,"viewportHeight":841}}
[2026-03-31T08:09:13.367Z] {"timestamp":1774944552312,"kind":"scroll","url":"http://localhost:3000/","viewport":{"width":971,"height":841},"payload":{"scrollX":0,"scrollY":767,"documentHeight":5288,"viewportHeight":841}}
[2026-03-31T08:09:25.368Z] {"timestamp":1774944564789,"kind":"scroll","url":"http://localhost:3000/","viewport":{"width":971,"height":841},"payload":{"scrollX":0,"scrollY":924,"documentHeight":5288,"viewportHeight":841}}
[2026-03-31T08:09:27.367Z] {"timestamp":1774944565629,"kind":"scroll","url":"http://localhost:3000/","viewport":{"width":971,"height":841},"payload":{"scrollX":0,"scrollY":1211,"documentHeight":5288,"viewportHeight":841}}
[2026-03-31T08:09:29.370Z] {"timestamp":1774944568895,"kind":"scroll","url":"http://localhost:3000/","viewport":{"width":971,"height":841},"payload":{"scrollX":0,"scrollY":1489,"documentHeight":5288,"viewportHeight":841}}
[2026-03-31T08:09:43.371Z] {"timestamp":1774944583106,"kind":"focusin","url":"http://localhost:3000/","viewport":{"width":971,"height":841},"payload":{"target":{"tag":"button","id":null,"name":null,"type":null,"role":null,"ariaLabel":null,"testId":null,"dataLoc":"client/src/pages/Home.tsx:535","href":null,"text":"轉型銷售人員","selectorHint":"[data-loc=\"client/src/pages/Home.tsx:535\"]"}}}
[2026-03-31T08:09:43.372Z] {"timestamp":1774944583186,"kind":"click","url":"http://localhost:3000/","viewport":{"width":971,"height":841},"payload":{"target":{"tag":"button","id":null,"name":null,"type":null,"role":null,"ariaLabel":null,"testId":null,"dataLoc":"client/src/pages/Home.tsx:535","href":null,"text":"轉型銷售人員","selectorHint":"[data-loc=\"client/src/pages/Home.tsx:535\"]"},"x":496,"y":151}}
[2026-03-31T08:09:55.369Z] {"timestamp":1774944595205,"kind":"focusout","url":"http://localhost:3000/","viewport":{"width":971,"height":841},"payload":{"target":{"tag":"button","id":null,"name":null,"type":null,"role":null,"ariaLabel":null,"testId":null,"dataLoc":"client/src/pages/Home.tsx:535","href":null,"text":"轉型銷售人員","selectorHint":"[data-loc=\"client/src/pages/Home.tsx:535\"]"},"value":null}}
[2026-03-31T08:09:55.369Z] {"timestamp":1774944595206,"kind":"focusin","url":"http://localhost:3000/","viewport":{"width":971,"height":841},"payload":{"target":{"tag":"button","id":null,"name":null,"type":null,"role":null,"ariaLabel":null,"testId":null,"dataLoc":"client/src/pages/Home.tsx:535","href":null,"text":"創業 / 副業","selectorHint":"[data-loc=\"client/src/pages/Home.tsx:535\"]"}}}
[2026-03-31T08:09:55.369Z] {"timestamp":1774944595269,"kind":"click","url":"http://localhost:3000/","viewport":{"width":971,"height":841},"payload":{"target":{"tag":"button","id":null,"name":null,"type":null,"role":null,"ariaLabel":null,"testId":null,"dataLoc":"client/src/pages/Home.tsx:535","href":null,"text":"創業 / 副業","selectorHint":"[data-loc=\"client/src/pages/Home.tsx:535\"]"},"x":581,"y":140}}
[2026-03-31T08:10:01.369Z] {"timestamp":1774944599455,"kind":"scroll","url":"http://localhost:3000/","viewport":{"width":971,"height":841},"payload":{"scrollX":0,"scrollY":1731,"documentHeight":5288,"viewportHeight":841}}
[2026-03-31T08:10:01.369Z] {"timestamp":1774944600521,"kind":"scroll","url":"http://localhost:3000/","viewport":{"width":971,"height":841},"payload":{"scrollX":0,"scrollY":1454,"documentHeight":5288,"viewportHeight":841}}
[2026-03-31T08:10:01.369Z] {"timestamp":1774944601021,"kind":"scroll","url":"http://localhost:3000/","viewport":{"width":971,"height":841},"payload":{"scrollX":0,"scrollY":1587,"documentHeight":5288,"viewportHeight":841}}
[2026-03-31T08:10:09.369Z] {"timestamp":1774944608139,"kind":"scroll","url":"http://localhost:3000/","viewport":{"width":971,"height":841},"payload":{"scrollX":0,"scrollY":1594,"documentHeight":5288,"viewportHeight":841}}
[2026-03-31T08:10:09.369Z] {"timestamp":1774944608639,"kind":"scroll","url":"http://localhost:3000/","viewport":{"width":971,"height":841},"payload":{"scrollX":0,"scrollY":1950,"documentHeight":5288,"viewportHeight":841}}
[2026-03-31T08:10:09.369Z] {"timestamp":1774944609139,"kind":"scroll","url":"http://localhost:3000/","viewport":{"width":971,"height":841},"payload":{"scrollX":0,"scrollY":2076,"documentHeight":5288,"viewportHeight":841}}
[2026-03-31T08:10:11.368Z] {"timestamp":1774944609639,"kind":"scroll","url":"http://localhost:3000/","viewport":{"width":971,"height":841},"payload":{"scrollX":0,"scrollY":2331,"documentHeight":5288,"viewportHeight":841}}
[2026-03-31T08:10:11.368Z] {"timestamp":1774944610595,"kind":"scroll","url":"http://localhost:3000/","viewport":{"width":971,"height":841},"payload":{"scrollX":0,"scrollY":2344,"documentHeight":5288,"viewportHeight":841}}
[2026-03-31T08:10:11.368Z] {"timestamp":1774944611105,"kind":"scroll","url":"http://localhost:3000/","viewport":{"width":971,"height":841},"payload":{"scrollX":0,"scrollY":2562,"documentHeight":5288,"viewportHeight":841}}
[2026-03-31T08:10:25.370Z] {"timestamp":1774944623455,"kind":"scroll","url":"http://localhost:3000/","viewport":{"width":971,"height":841},"payload":{"scrollX":0,"scrollY":2582,"documentHeight":5288,"viewportHeight":841}}
[2026-03-31T08:10:25.370Z] {"timestamp":1774944624695,"kind":"scroll","url":"http://localhost:3000/","viewport":{"width":971,"height":841},"payload":{"scrollX":0,"scrollY":2928,"documentHeight":5288,"viewportHeight":841}}
[2026-03-31T08:10:25.370Z] {"timestamp":1774944625206,"kind":"scroll","url":"http://localhost:3000/","viewport":{"width":971,"height":841},"payload":{"scrollX":0,"scrollY":3219,"documentHeight":5288,"viewportHeight":841}}
[2026-03-31T08:10:27.367Z] {"timestamp":1774944627255,"kind":"scroll","url":"http://localhost:3000/","viewport":{"width":971,"height":841},"payload":{"scrollX":0,"scrollY":3238,"documentHeight":5288,"viewportHeight":841}}
[2026-03-31T08:10:29.371Z] {"timestamp":1774944628306,"kind":"scroll","url":"http://localhost:3000/","viewport":{"width":971,"height":841},"payload":{"scrollX":0,"scrollY":3658,"documentHeight":5288,"viewportHeight":841}}
[2026-03-31T08:10:31.370Z] {"timestamp":1774944629439,"kind":"scroll","url":"http://localhost:3000/","viewport":{"width":971,"height":841},"payload":{"scrollX":0,"scrollY":3989,"documentHeight":5288,"viewportHeight":841}}
[2026-03-31T08:10:35.367Z] {"timestamp":1774944633739,"kind":"scroll","url":"http://localhost:3000/","viewport":{"width":971,"height":841},"payload":{"scrollX":0,"scrollY":4440.5,"documentHeight":5288,"viewportHeight":841}}
[2026-03-31T08:10:35.367Z] {"timestamp":1774944634239,"kind":"scroll","url":"http://localhost:3000/","viewport":{"width":971,"height":841},"payload":{"scrollX":0,"scrollY":1067.5,"documentHeight":5288,"viewportHeight":841}}
[2026-03-31T08:10:39.505Z] {"timestamp":1774944637638,"kind":"focusout","url":"http://localhost:3000/","viewport":{"width":971,"height":841},"payload":{"target":{"tag":"button","id":null,"name":null,"type":null,"role":null,"ariaLabel":null,"testId":null,"dataLoc":"client/src/pages/Home.tsx:535","href":null,"text":"創業 / 副業","selectorHint":"[data-loc=\"client/src/pages/Home.tsx:535\"]"},"value":null}}
[2026-03-31T08:10:39.505Z] {"timestamp":1774944639477,"kind":"focusin","url":"http://localhost:3000/","viewport":{"width":971,"height":841},"payload":{"target":{"tag":"button","id":null,"name":null,"type":null,"role":null,"ariaLabel":null,"testId":null,"dataLoc":"client/src/pages/Home.tsx:535","href":null,"text":"創業 / 副業","selectorHint":"[data-loc=\"client/src/pages/Home.tsx:535\"]"}}}
[2026-03-31T08:10:43.887Z] {"timestamp":1774944641889,"kind":"focusout","url":"http://localhost:3000/","viewport":{"width":971,"height":841},"payload":{"target":{"tag":"button","id":null,"name":null,"type":null,"role":null,"ariaLabel":null,"testId":null,"dataLoc":"client/src/pages/Home.tsx:535","href":null,"text":"創業 / 副業","selectorHint":"[data-loc=\"client/src/pages/Home.tsx:535\"]"},"value":null}}
[2026-03-31T09:57:03.847Z] {"timestamp":1774951021852,"kind":"click","url":"http://localhost:3000/","viewport":{"width":971,"height":841},"payload":{"target":{"tag":"h1","id":null,"name":null,"type":null,"role":null,"ariaLabel":null,"testId":null,"dataLoc":"client/src/pages/Home.tsx:271","href":null,"text":"六個月後， 你有客群、收入、 和自己的學員","selectorHint":"[data-loc=\"client/src/pages/Home.tsx:271\"]"},"x":700,"y":250}}
[2026-03-31T09:57:03.847Z] {"timestamp":1774951023839,"kind":"scroll","url":"http://localhost:3000/","viewport":{"width":971,"height":841},"payload":{"scrollX":0,"scrollY":1,"documentHeight":7540,"viewportHeight":841}}
[2026-03-31T09:57:05.848Z] {"timestamp":1774951024356,"kind":"scroll","url":"http://localhost:3000/","viewport":{"width":971,"height":841},"payload":{"scrollX":0,"scrollY":311,"documentHeight":7540,"viewportHeight":841}}
[2026-03-31T09:57:05.848Z] {"timestamp":1774951024855,"kind":"scroll","url":"http://localhost:3000/","viewport":{"width":971,"height":841},"payload":{"scrollX":0,"scrollY":379,"documentHeight":7540,"viewportHeight":841}}
[2026-03-31T09:57:07.846Z] {"timestamp":1774951026188,"kind":"scroll","url":"http://localhost:3000/","viewport":{"width":971,"height":841},"payload":{"scrollX":0,"scrollY":569,"documentHeight":7540,"viewportHeight":841}}
[2026-03-31T09:57:07.846Z] {"timestamp":1774951027227,"kind":"scroll","url":"http://localhost:3000/","viewport":{"width":971,"height":841},"payload":{"scrollX":0,"scrollY":917,"documentHeight":7540,"viewportHeight":841}}
[2026-03-31T09:57:07.846Z] {"timestamp":1774951027772,"kind":"scroll","url":"http://localhost:3000/","viewport":{"width":971,"height":841},"payload":{"scrollX":0,"scrollY":1216,"documentHeight":7540,"viewportHeight":841}}
[2026-03-31T09:57:09.848Z] {"timestamp":1774951028489,"kind":"scroll","url":"http://localhost:3000/","viewport":{"width":971,"height":841},"payload":{"scrollX":0,"scrollY":1523,"documentHeight":7540,"viewportHeight":841}}
[2026-03-31T09:57:21.847Z] {"timestamp":1774951039905,"kind":"focusin","url":"http://localhost:3000/","viewport":{"width":971,"height":841},"payload":{"target":{"tag":"button","id":null,"name":null,"type":null,"role":null,"ariaLabel":null,"testId":null,"dataLoc":"client/src/pages/Home.tsx:415","href":null,"text":"上班族斜槓","selectorHint":"[data-loc=\"client/src/pages/Home.tsx:415\"]"}}}
[2026-03-31T09:57:21.847Z] {"timestamp":1774951039969,"kind":"click","url":"http://localhost:3000/","viewport":{"width":971,"height":841},"payload":{"target":{"tag":"button","id":null,"name":null,"type":null,"role":null,"ariaLabel":null,"testId":null,"dataLoc":"client/src/pages/Home.tsx:415","href":null,"text":"上班族斜槓","selectorHint":"[data-loc=\"client/src/pages/Home.tsx:415\"]"},"x":349,"y":222}}
[2026-03-31T09:57:29.848Z] {"timestamp":1774951048036,"kind":"focusout","url":"http://localhost:3000/","viewport":{"width":971,"height":841},"payload":{"target":{"tag":"button","id":null,"name":null,"type":null,"role":null,"ariaLabel":null,"testId":null,"dataLoc":"client/src/pages/Home.tsx:415","href":null,"text":"上班族斜槓","selectorHint":"[data-loc=\"client/src/pages/Home.tsx:415\"]"},"value":null}}
[2026-03-31T09:57:29.848Z] {"timestamp":1774951048036,"kind":"focusin","url":"http://localhost:3000/","viewport":{"width":971,"height":841},"payload":{"target":{"tag":"button","id":null,"name":null,"type":null,"role":null,"ariaLabel":null,"testId":null,"dataLoc":"client/src/pages/Home.tsx:415","href":null,"text":"全職媽媽","selectorHint":"[data-loc=\"client/src/pages/Home.tsx:415\"]"}}}
[2026-03-31T09:57:29.848Z] {"timestamp":1774951048102,"kind":"click","url":"http://localhost:3000/","viewport":{"width":971,"height":841},"payload":{"target":{"tag":"button","id":null,"name":null,"type":null,"role":null,"ariaLabel":null,"testId":null,"dataLoc":"client/src/pages/Home.tsx:415","href":null,"text":"全職媽媽","selectorHint":"[data-loc=\"client/src/pages/Home.tsx:415\"]"},"x":461,"y":218}}
[2026-03-31T09:57:31.845Z] {"timestamp":1774951051755,"kind":"scroll","url":"http://localhost:3000/","viewport":{"width":971,"height":841},"payload":{"scrollX":0,"scrollY":1632,"documentHeight":7540,"viewportHeight":841}}
[2026-03-31T09:57:33.846Z] {"timestamp":1774951052311,"kind":"scroll","url":"http://localhost:3000/","viewport":{"width":971,"height":841},"payload":{"scrollX":0,"scrollY":1775,"documentHeight":7540,"viewportHeight":841}}
[2026-03-31T09:57:33.846Z] {"timestamp":1774951052853,"kind":"focusout","url":"http://localhost:3000/","viewport":{"width":971,"height":841},"payload":{"target":{"tag":"button","id":null,"name":null,"type":null,"role":null,"ariaLabel":null,"testId":null,"dataLoc":"client/src/pages/Home.tsx:415","href":null,"text":"全職媽媽","selectorHint":"[data-loc=\"client/src/pages/Home.tsx:415\"]"},"value":null}}
[2026-03-31T09:57:33.846Z] {"timestamp":1774951052854,"kind":"focusin","url":"http://localhost:3000/","viewport":{"width":971,"height":841},"payload":{"target":{"tag":"button","id":null,"name":null,"type":null,"role":null,"ariaLabel":null,"testId":null,"dataLoc":"client/src/pages/Home.tsx:415","href":null,"text":"直銷／品牌轉型","selectorHint":"[data-loc=\"client/src/pages/Home.tsx:415\"]"}}}
[2026-03-31T09:57:33.846Z] {"timestamp":1774951052920,"kind":"click","url":"http://localhost:3000/","viewport":{"width":971,"height":841},"payload":{"target":{"tag":"button","id":null,"name":null,"type":null,"role":null,"ariaLabel":null,"testId":null,"dataLoc":"client/src/pages/Home.tsx:415","href":null,"text":"直銷／品牌轉型","selectorHint":"[data-loc=\"client/src/pages/Home.tsx:415\"]"},"x":607,"y":149}}
[2026-03-31T09:57:43.847Z] {"timestamp":1774951062803,"kind":"focusout","url":"http://localhost:3000/","viewport":{"width":971,"height":841},"payload":{"target":{"tag":"button","id":null,"name":null,"type":null,"role":null,"ariaLabel":null,"testId":null,"dataLoc":"client/src/pages/Home.tsx:415","href":null,"text":"直銷／品牌轉型","selectorHint":"[data-loc=\"client/src/pages/Home.tsx:415\"]"},"value":null}}
[2026-03-31T09:57:43.847Z] {"timestamp":1774951062803,"kind":"focusin","url":"http://localhost:3000/","viewport":{"width":971,"height":841},"payload":{"target":{"tag":"button","id":null,"name":null,"type":null,"role":null,"ariaLabel":null,"testId":null,"dataLoc":"client/src/pages/Home.tsx:415","href":null,"text":"實體加盟","selectorHint":"[data-loc=\"client/src/pages/Home.tsx:415\"]"}}}
[2026-03-31T09:57:43.847Z] {"timestamp":1774951062868,"kind":"click","url":"http://localhost:3000/","viewport":{"width":971,"height":841},"payload":{"target":{"tag":"button","id":null,"name":null,"type":null,"role":null,"ariaLabel":null,"testId":null,"dataLoc":"client/src/pages/Home.tsx:415","href":null,"text":"實體加盟","selectorHint":"[data-loc=\"client/src/pages/Home.tsx:415\"]"},"x":771,"y":131}}
[2026-03-31T09:57:45.845Z] {"timestamp":1774951065488,"kind":"scroll","url":"http://localhost:3000/","viewport":{"width":971,"height":841},"payload":{"scrollX":0,"scrollY":1717,"documentHeight":7540,"viewportHeight":841}}
[2026-03-31T09:57:47.845Z] {"timestamp":1774951066195,"kind":"scroll","url":"http://localhost:3000/","viewport":{"width":971,"height":841},"payload":{"scrollX":0,"scrollY":2137,"documentHeight":7540,"viewportHeight":841}}
[2026-03-31T09:57:47.845Z] {"timestamp":1774951067172,"kind":"scroll","url":"http://localhost:3000/","viewport":{"width":971,"height":841},"payload":{"scrollX":0,"scrollY":2355,"documentHeight":7540,"viewportHeight":841}}
[2026-03-31T09:57:51.844Z] {"timestamp":1774951070388,"kind":"scroll","url":"http://localhost:3000/","viewport":{"width":971,"height":841},"payload":{"scrollX":0,"scrollY":2589,"documentHeight":7540,"viewportHeight":841}}
[2026-03-31T09:57:51.844Z] {"timestamp":1774951070888,"kind":"scroll","url":"http://localhost:3000/","viewport":{"width":971,"height":841},"payload":{"scrollX":0,"scrollY":2898,"documentHeight":7540,"viewportHeight":841}}
[2026-03-31T09:57:51.844Z] {"timestamp":1774951071594,"kind":"scroll","url":"http://localhost:3000/","viewport":{"width":971,"height":841},"payload":{"scrollX":0,"scrollY":2921,"documentHeight":7540,"viewportHeight":841}}
[2026-03-31T09:57:53.845Z] {"timestamp":1774951072462,"kind":"scroll","url":"http://localhost:3000/","viewport":{"width":971,"height":841},"payload":{"scrollX":0,"scrollY":3119,"documentHeight":7540,"viewportHeight":841}}
[2026-03-31T09:57:53.845Z] {"timestamp":1774951072972,"kind":"scroll","url":"http://localhost:3000/","viewport":{"width":971,"height":841},"payload":{"scrollX":0,"scrollY":3395,"documentHeight":7540,"viewportHeight":841}}
[2026-03-31T09:57:55.847Z] {"timestamp":1774951073878,"kind":"scroll","url":"http://localhost:3000/","viewport":{"width":971,"height":841},"payload":{"scrollX":0,"scrollY":3855,"documentHeight":7540,"viewportHeight":841}}
[2026-03-31T09:58:05.846Z] {"timestamp":1774951084261,"kind":"scroll","url":"http://localhost:3000/","viewport":{"width":971,"height":841},"payload":{"scrollX":0,"scrollY":4118,"documentHeight":7540,"viewportHeight":841}}
[2026-03-31T09:58:05.846Z] {"timestamp":1774951084772,"kind":"scroll","url":"http://localhost:3000/","viewport":{"width":971,"height":841},"payload":{"scrollX":0,"scrollY":4522,"documentHeight":7540,"viewportHeight":841}}
[2026-03-31T09:58:05.846Z] {"timestamp":1774951085289,"kind":"scroll","url":"http://localhost:3000/","viewport":{"width":971,"height":841},"payload":{"scrollX":0,"scrollY":4720,"documentHeight":7540,"viewportHeight":841}}
[2026-03-31T09:58:07.845Z] {"timestamp":1774951086505,"kind":"scroll","url":"http://localhost:3000/","viewport":{"width":971,"height":841},"payload":{"scrollX":0,"scrollY":4734,"documentHeight":7540,"viewportHeight":841}}
[2026-03-31T09:58:07.845Z] {"timestamp":1774951087021,"kind":"scroll","url":"http://localhost:3000/","viewport":{"width":971,"height":841},"payload":{"scrollX":0,"scrollY":4855,"documentHeight":7540,"viewportHeight":841}}
[2026-03-31T09:58:09.845Z] {"timestamp":1774951088455,"kind":"scroll","url":"http://localhost:3000/","viewport":{"width":971,"height":841},"payload":{"scrollX":0,"scrollY":4859,"documentHeight":7540,"viewportHeight":841}}
[2026-03-31T09:58:09.845Z] {"timestamp":1774951089394,"kind":"scroll","url":"http://localhost:3000/","viewport":{"width":971,"height":841},"payload":{"scrollX":0,"scrollY":5139,"documentHeight":7540,"viewportHeight":841}}
[2026-03-31T09:58:13.850Z] {"timestamp":1774951092538,"kind":"scroll","url":"http://localhost:3000/","viewport":{"width":971,"height":841},"payload":{"scrollX":0,"scrollY":5507,"documentHeight":7540,"viewportHeight":841}}
[2026-03-31T09:58:13.850Z] {"timestamp":1774951093055,"kind":"scroll","url":"http://localhost:3000/","viewport":{"width":971,"height":841},"payload":{"scrollX":0,"scrollY":5830,"documentHeight":7540,"viewportHeight":841}}
[2026-03-31T09:58:13.850Z] {"timestamp":1774951093788,"kind":"scroll","url":"http://localhost:3000/","viewport":{"width":971,"height":841},"payload":{"scrollX":0,"scrollY":6122,"documentHeight":7540,"viewportHeight":841}}
[2026-03-31T09:59:19.843Z] {"timestamp":1774951159355,"kind":"scroll","url":"http://localhost:3000/","viewport":{"width":971,"height":841},"payload":{"scrollX":0,"scrollY":6696.5,"documentHeight":7540,"viewportHeight":841}}
[2026-03-31T09:59:21.847Z] {"timestamp":1774951159871,"kind":"scroll","url":"http://localhost:3000/","viewport":{"width":971,"height":841},"payload":{"scrollX":0,"scrollY":6398.5,"documentHeight":7540,"viewportHeight":841}}
[2026-03-31T09:59:21.847Z] {"timestamp":1774951160767,"kind":"focusout","url":"http://localhost:3000/","viewport":{"width":971,"height":841},"payload":{"target":{"tag":"button","id":null,"name":null,"type":null,"role":null,"ariaLabel":null,"testId":null,"dataLoc":"client/src/pages/Home.tsx:415","href":null,"text":"實體加盟","selectorHint":"[data-loc=\"client/src/pages/Home.tsx:415\"]"},"value":null}}
[2026-03-31T09:59:21.847Z] {"timestamp":1774951160767,"kind":"focusin","url":"http://localhost:3000/","viewport":{"width":971,"height":841},"payload":{"target":{"tag":"button","id":null,"name":null,"type":null,"role":null,"ariaLabel":null,"testId":null,"dataLoc":"client/src/pages/Home.tsx:658","href":null,"text":"我想了解，幫我約諮詢 →","selectorHint":"[data-loc=\"client/src/pages/Home.tsx:658\"]"}}}
[2026-03-31T09:59:21.847Z] {"timestamp":1774951160850,"kind":"click","url":"http://localhost:3000/","viewport":{"width":971,"height":841},"payload":{"target":{"tag":"button","id":null,"name":null,"type":null,"role":null,"ariaLabel":null,"testId":null,"dataLoc":"client/src/pages/Home.tsx:658","href":null,"text":"我想了解，幫我約諮詢 →","selectorHint":"[data-loc=\"client/src/pages/Home.tsx:658\"]"},"x":489,"y":642}}
[2026-03-31T09:59:21.847Z] {"timestamp":1774951160851,"kind":"submit","url":"http://localhost:3000/","viewport":{"width":971,"height":841},"payload":{"target":{"tag":"form","id":null,"name":null,"type":null,"role":null,"ariaLabel":null,"testId":null,"dataLoc":"client/src/pages/Home.tsx:609","href":null,"text":"您的姓名 * 聯絡方式（Line / 電話 / Email）* 你是哪一種？ 完全新手 上班族斜槓 全職媽媽 直銷／品牌轉型 實體加盟 想對我們說的話（選填） …","selectorHint":"[data-loc=\"client/src/pages/Home.tsx:609\"]"}}}
[2026-03-31T09:59:37.847Z] {"timestamp":1774951176121,"kind":"scroll","url":"http://localhost:3000/","viewport":{"width":971,"height":841},"payload":{"scrollX":0,"scrollY":6392.5,"documentHeight":7540,"viewportHeight":841}}
[2026-03-31T09:59:37.847Z] {"timestamp":1774951176621,"kind":"scroll","url":"http://localhost:3000/","viewport":{"width":971,"height":841},"payload":{"scrollX":0,"scrollY":5453.5,"documentHeight":7540,"viewportHeight":841}}
[2026-03-31T09:59:39.846Z] {"timestamp":1774951178954,"kind":"scroll","url":"http://localhost:3000/","viewport":{"width":971,"height":841},"payload":{"scrollX":0,"scrollY":5365.5,"documentHeight":7540,"viewportHeight":841}}
[2026-03-31T09:59:39.846Z] {"timestamp":1774951179454,"kind":"scroll","url":"http://localhost:3000/","viewport":{"width":971,"height":841},"payload":{"scrollX":0,"scrollY":4969.5,"documentHeight":7540,"viewportHeight":841}}
[2026-03-31T09:59:41.843Z] {"timestamp":1774951181787,"kind":"scroll","url":"http://localhost:3000/","viewport":{"width":971,"height":841},"payload":{"scrollX":0,"scrollY":4929.5,"documentHeight":7540,"viewportHeight":841}}
[2026-03-31T09:59:43.843Z] {"timestamp":1774951182826,"kind":"scroll","url":"http://localhost:3000/","viewport":{"width":971,"height":841},"payload":{"scrollX":0,"scrollY":4651.5,"documentHeight":7540,"viewportHeight":841}}
[2026-03-31T09:59:43.843Z] {"timestamp":1774951183387,"kind":"scroll","url":"http://localhost:3000/","viewport":{"width":971,"height":841},"payload":{"scrollX":0,"scrollY":4375.5,"documentHeight":7540,"viewportHeight":841}}
[2026-03-31T09:59:45.844Z] {"timestamp":1774951183887,"kind":"scroll","url":"http://localhost:3000/","viewport":{"width":971,"height":841},"payload":{"scrollX":0,"scrollY":3298.5,"documentHeight":7540,"viewportHeight":841}}
[2026-03-31T09:59:45.844Z] {"timestamp":1774951184438,"kind":"scroll","url":"http://localhost:3000/","viewport":{"width":971,"height":841},"payload":{"scrollX":0,"scrollY":3205.5,"documentHeight":7540,"viewportHeight":841}}
[2026-03-31T09:59:45.844Z] {"timestamp":1774951185104,"kind":"scroll","url":"http://localhost:3000/","viewport":{"width":971,"height":841},"payload":{"scrollX":0,"scrollY":2265.5,"documentHeight":7540,"viewportHeight":841}}
[2026-03-31T09:59:45.844Z] {"timestamp":1774951185604,"kind":"scroll","url":"http://localhost:3000/","viewport":{"width":971,"height":841},"payload":{"scrollX":0,"scrollY":1017.5,"documentHeight":7540,"viewportHeight":841}}
[2026-03-31T09:59:47.846Z] {"timestamp":1774951186120,"kind":"scroll","url":"http://localhost:3000/","viewport":{"width":971,"height":841},"payload":{"scrollX":0,"scrollY":190.5,"documentHeight":7540,"viewportHeight":841}}
[2026-03-31T09:59:49.864Z] {"timestamp":1774951188868,"kind":"focusout","url":"http://localhost:3000/","viewport":{"width":971,"height":841},"payload":{"target":{"tag":"button","id":null,"name":null,"type":null,"role":null,"ariaLabel":null,"testId":null,"dataLoc":"client/src/pages/Home.tsx:658","href":null,"text":"我想了解，幫我約諮詢 →","selectorHint":"[data-loc=\"client/src/pages/Home.tsx:658\"]"},"value":null}}
[2026-03-31T10:08:24.491Z] {"timestamp":1774951704480,"kind":"focusin","url":"http://localhost:3000/","viewport":{"width":1488,"height":841},"payload":{"target":{"tag":"button","id":null,"name":null,"type":null,"role":null,"ariaLabel":null,"testId":null,"dataLoc":"client/src/pages/Home.tsx:658","href":null,"text":"我想了解，幫我約諮詢 →","selectorHint":"[data-loc=\"client/src/pages/Home.tsx:658\"]"}}}
[2026-03-31T10:08:25.904Z] {"timestamp":1774951705100,"kind":"focusout","url":"http://localhost:3000/","viewport":{"width":1488,"height":841},"payload":{"target":{"tag":"button","id":null,"name":null,"type":null,"role":null,"ariaLabel":null,"testId":null,"dataLoc":"client/src/pages/Home.tsx:658","href":null,"text":"我想了解，幫我約諮詢 →","selectorHint":"[data-loc=\"client/src/pages/Home.tsx:658\"]"},"value":null}}
[2026-03-31T10:08:43.900Z] {"timestamp":1774951723156,"kind":"focusin","url":"http://localhost:3000/","viewport":{"width":1488,"height":841},"payload":{"target":{"tag":"button","id":null,"name":null,"type":null,"role":null,"ariaLabel":null,"testId":null,"dataLoc":"client/src/pages/Home.tsx:658","href":null,"text":"我想了解，幫我約諮詢 →","selectorHint":"[data-loc=\"client/src/pages/Home.tsx:658\"]"}}}
[2026-03-31T10:08:43.900Z] {"timestamp":1774951723616,"kind":"focusout","url":"http://localhost:3000/","viewport":{"width":1488,"height":841},"payload":{"target":{"tag":"button","id":null,"name":null,"type":null,"role":null,"ariaLabel":null,"testId":null,"dataLoc":"client/src/pages/Home.tsx:658","href":null,"text":"我想了解，幫我約諮詢 →","selectorHint":"[data-loc=\"client/src/pages/Home.tsx:658\"]"},"value":null}}
[2026-03-31T10:26:23.762Z] {"timestamp":1774952783747,"kind":"focusin","url":"http://localhost:3000/","viewport":{"width":1488,"height":841},"payload":{"target":{"tag":"button","id":null,"name":null,"type":null,"role":null,"ariaLabel":null,"testId":null,"dataLoc":"client/src/pages/Home.tsx:658","href":null,"text":"我想了解，幫我約諮詢 →","selectorHint":"[data-loc=\"client/src/pages/Home.tsx:658\"]"}}}
[2026-03-31T10:26:25.909Z] {"timestamp":1774952785003,"kind":"focusout","url":"http://localhost:3000/","viewport":{"width":1488,"height":841},"payload":{"target":{"tag":"button","id":null,"name":null,"type":null,"role":null,"ariaLabel":null,"testId":null,"dataLoc":"client/src/pages/Home.tsx:658","href":null,"text":"我想了解，幫我約諮詢 →","selectorHint":"[data-loc=\"client/src/pages/Home.tsx:658\"]"},"value":null}}
[2026-03-31T10:30:13.671Z] {"timestamp":1774953012963,"kind":"scroll","url":"http://localhost:3000/","viewport":{"width":1488,"height":841},"payload":{"scrollX":0,"scrollY":1,"documentHeight":7325,"viewportHeight":841}}
[2026-03-31T10:30:13.671Z] {"timestamp":1774953013663,"kind":"scroll","url":"http://localhost:3000/","viewport":{"width":1488,"height":841},"payload":{"scrollX":0,"scrollY":639,"documentHeight":7325,"viewportHeight":841}}
[2026-03-31T10:30:15.669Z] {"timestamp":1774953015356,"kind":"scroll","url":"http://localhost:3000/","viewport":{"width":1488,"height":841},"payload":{"scrollX":0,"scrollY":86,"documentHeight":7325,"viewportHeight":841}}
[2026-03-31T10:30:21.668Z] {"timestamp":1774953020339,"kind":"focusin","url":"http://localhost:3000/","viewport":{"width":1488,"height":841},"payload":{"target":{"tag":"button","id":null,"name":null,"type":null,"role":null,"ariaLabel":null,"testId":null,"dataLoc":"client/src/pages/Home.tsx:293","href":null,"text":"查看完整計劃","selectorHint":"[data-loc=\"client/src/pages/Home.tsx:293\"]"}}}
[2026-03-31T10:30:21.669Z] {"timestamp":1774953020421,"kind":"click","url":"http://localhost:3000/","viewport":{"width":1488,"height":841},"payload":{"target":{"tag":"button","id":null,"name":null,"type":null,"role":null,"ariaLabel":null,"testId":null,"dataLoc":"client/src/pages/Home.tsx:293","href":null,"text":"查看完整計劃","selectorHint":"[data-loc=\"client/src/pages/Home.tsx:293\"]"},"x":556,"y":550}}
[2026-03-31T10:30:21.669Z] {"timestamp":1774953020440,"kind":"scroll","url":"http://localhost:3000/","viewport":{"width":1488,"height":841},"payload":{"scrollX":0,"scrollY":1.5,"documentHeight":7325,"viewportHeight":841}}
[2026-03-31T10:30:21.669Z] {"timestamp":1774953020940,"kind":"scroll","url":"http://localhost:3000/","viewport":{"width":1488,"height":841},"payload":{"scrollX":0,"scrollY":3347,"documentHeight":7325,"viewportHeight":841}}
[2026-03-31T10:30:21.669Z] {"timestamp":1774953021440,"kind":"scroll","url":"http://localhost:3000/","viewport":{"width":1488,"height":841},"payload":{"scrollX":0,"scrollY":4737.5,"documentHeight":7325,"viewportHeight":841}}
[2026-03-31T10:30:23.671Z] {"timestamp":1774953023173,"kind":"scroll","url":"http://localhost:3000/","viewport":{"width":1488,"height":841},"payload":{"scrollX":0,"scrollY":4965.5,"documentHeight":7325,"viewportHeight":841}}
[2026-03-31T10:30:27.670Z] {"timestamp":1774953025813,"kind":"scroll","url":"http://localhost:3000/","viewport":{"width":1488,"height":841},"payload":{"scrollX":0,"scrollY":5112.5,"documentHeight":7325,"viewportHeight":841}}
[2026-03-31T10:30:27.670Z] {"timestamp":1774953026791,"kind":"scroll","url":"http://localhost:3000/","viewport":{"width":1488,"height":841},"payload":{"scrollX":0,"scrollY":5258.5,"documentHeight":7325,"viewportHeight":841}}
[2026-03-31T10:30:27.670Z] {"timestamp":1774953027307,"kind":"scroll","url":"http://localhost:3000/","viewport":{"width":1488,"height":841},"payload":{"scrollX":0,"scrollY":5570.5,"documentHeight":7325,"viewportHeight":841}}
[2026-03-31T10:30:29.670Z] {"timestamp":1774953027807,"kind":"scroll","url":"http://localhost:3000/","viewport":{"width":1488,"height":841},"payload":{"scrollX":0,"scrollY":1910.5,"documentHeight":7325,"viewportHeight":841}}
[2026-03-31T10:30:35.672Z] {"timestamp":1774953035339,"kind":"focusout","url":"http://localhost:3000/","viewport":{"width":1710,"height":947},"payload":{"target":{"tag":"button","id":null,"name":null,"type":null,"role":null,"ariaLabel":null,"testId":null,"dataLoc":"client/src/pages/Home.tsx:293","href":null,"text":"查看完整計劃","selectorHint":"[data-loc=\"client/src/pages/Home.tsx:293\"]"},"value":null}}
[2026-03-31T10:30:35.672Z] {"timestamp":1774953035420,"kind":"click","url":"http://localhost:3000/","viewport":{"width":1710,"height":947},"payload":{"target":{"tag":"div","id":null,"name":null,"type":null,"role":null,"ariaLabel":null,"testId":null,"dataLoc":"client/src/pages/Home.tsx:316","href":null,"text":"我是誰？ 完全新手 上班族斜槓 全職媽媽 直銷／品牌轉型 實體加盟 其實不是你不行，是你還沒有一個告訴你怎麼做的系統。 婕樂纖 品牌幫你建立第一層信任，249項…","selectorHint":"[data-loc=\"client/src/pages/Home.tsx:316\"]"},"x":1030,"y":403}}
[2026-03-31T10:30:37.670Z] {"timestamp":1774953035938,"kind":"focusin","url":"http://localhost:3000/","viewport":{"width":1710,"height":947},"payload":{"target":{"tag":"button","id":null,"name":null,"type":null,"role":null,"ariaLabel":null,"testId":null,"dataLoc":"client/src/pages/Home.tsx:321","href":null,"text":"上班族斜槓","selectorHint":"[data-loc=\"client/src/pages/Home.tsx:321\"]"}}}
[2026-03-31T10:30:37.670Z] {"timestamp":1774953036004,"kind":"click","url":"http://localhost:3000/","viewport":{"width":1710,"height":947},"payload":{"target":{"tag":"button","id":null,"name":null,"type":null,"role":null,"ariaLabel":null,"testId":null,"dataLoc":"client/src/pages/Home.tsx:321","href":null,"text":"上班族斜槓","selectorHint":"[data-loc=\"client/src/pages/Home.tsx:321\"]"},"x":1030,"y":384}}
[2026-03-31T10:30:39.670Z] {"timestamp":1774953038239,"kind":"focusout","url":"http://localhost:3000/","viewport":{"width":1710,"height":947},"payload":{"target":{"tag":"button","id":null,"name":null,"type":null,"role":null,"ariaLabel":null,"testId":null,"dataLoc":"client/src/pages/Home.tsx:321","href":null,"text":"上班族斜槓","selectorHint":"[data-loc=\"client/src/pages/Home.tsx:321\"]"},"value":null}}
[2026-03-31T10:30:39.670Z] {"timestamp":1774953038239,"kind":"focusin","url":"http://localhost:3000/","viewport":{"width":1710,"height":947},"payload":{"target":{"tag":"button","id":null,"name":null,"type":null,"role":null,"ariaLabel":null,"testId":null,"dataLoc":"client/src/pages/Home.tsx:321","href":null,"text":"全職媽媽","selectorHint":"[data-loc=\"client/src/pages/Home.tsx:321\"]"}}}
[2026-03-31T10:30:39.670Z] {"timestamp":1774953038320,"kind":"click","url":"http://localhost:3000/","viewport":{"width":1710,"height":947},"payload":{"target":{"tag":"button","id":null,"name":null,"type":null,"role":null,"ariaLabel":null,"testId":null,"dataLoc":"client/src/pages/Home.tsx:321","href":null,"text":"全職媽媽","selectorHint":"[data-loc=\"client/src/pages/Home.tsx:321\"]"},"x":1082,"y":384}}
[2026-03-31T10:30:41.667Z] {"timestamp":1774953040038,"kind":"focusout","url":"http://localhost:3000/","viewport":{"width":1710,"height":947},"payload":{"target":{"tag":"button","id":null,"name":null,"type":null,"role":null,"ariaLabel":null,"testId":null,"dataLoc":"client/src/pages/Home.tsx:321","href":null,"text":"全職媽媽","selectorHint":"[data-loc=\"client/src/pages/Home.tsx:321\"]"},"value":null}}
[2026-03-31T10:30:41.667Z] {"timestamp":1774953040038,"kind":"focusin","url":"http://localhost:3000/","viewport":{"width":1710,"height":947},"payload":{"target":{"tag":"button","id":null,"name":null,"type":null,"role":null,"ariaLabel":null,"testId":null,"dataLoc":"client/src/pages/Home.tsx:321","href":null,"text":"直銷／品牌轉型","selectorHint":"[data-loc=\"client/src/pages/Home.tsx:321\"]"}}}
[2026-03-31T10:30:41.668Z] {"timestamp":1774953040120,"kind":"click","url":"http://localhost:3000/","viewport":{"width":1710,"height":947},"payload":{"target":{"tag":"button","id":null,"name":null,"type":null,"role":null,"ariaLabel":null,"testId":null,"dataLoc":"client/src/pages/Home.tsx:321","href":null,"text":"直銷／品牌轉型","selectorHint":"[data-loc=\"client/src/pages/Home.tsx:321\"]"},"x":1160,"y":394}}
[2026-03-31T10:30:41.668Z] {"timestamp":1774953041105,"kind":"focusout","url":"http://localhost:3000/","viewport":{"width":1710,"height":947},"payload":{"target":{"tag":"button","id":null,"name":null,"type":null,"role":null,"ariaLabel":null,"testId":null,"dataLoc":"client/src/pages/Home.tsx:321","href":null,"text":"直銷／品牌轉型","selectorHint":"[data-loc=\"client/src/pages/Home.tsx:321\"]"},"value":null}}
[2026-03-31T10:30:41.668Z] {"timestamp":1774953041105,"kind":"focusin","url":"http://localhost:3000/","viewport":{"width":1710,"height":947},"payload":{"target":{"tag":"button","id":null,"name":null,"type":null,"role":null,"ariaLabel":null,"testId":null,"dataLoc":"client/src/pages/Home.tsx:321","href":null,"text":"實體加盟","selectorHint":"[data-loc=\"client/src/pages/Home.tsx:321\"]"}}}
[2026-03-31T10:30:41.668Z] {"timestamp":1774953041221,"kind":"click","url":"http://localhost:3000/","viewport":{"width":1710,"height":947},"payload":{"target":{"tag":"button","id":null,"name":null,"type":null,"role":null,"ariaLabel":null,"testId":null,"dataLoc":"client/src/pages/Home.tsx:321","href":null,"text":"實體加盟","selectorHint":"[data-loc=\"client/src/pages/Home.tsx:321\"]"},"x":1277,"y":384}}
[2026-03-31T10:30:43.668Z] {"timestamp":1774953043640,"kind":"scroll","url":"http://localhost:3000/","viewport":{"width":1710,"height":947},"payload":{"scrollX":0,"scrollY":2,"documentHeight":7431,"viewportHeight":947}}
[2026-03-31T10:30:45.669Z] {"timestamp":1774953044480,"kind":"scroll","url":"http://localhost:3000/","viewport":{"width":1710,"height":947},"payload":{"scrollX":0,"scrollY":17,"documentHeight":7431,"viewportHeight":947}}
[2026-03-31T10:30:45.669Z] {"timestamp":1774953045006,"kind":"scroll","url":"http://localhost:3000/","viewport":{"width":1710,"height":947},"payload":{"scrollX":0,"scrollY":498,"documentHeight":7431,"viewportHeight":947}}
[2026-03-31T10:30:45.669Z] {"timestamp":1774953045606,"kind":"scroll","url":"http://localhost:3000/","viewport":{"width":1710,"height":947},"payload":{"scrollX":0,"scrollY":861,"documentHeight":7431,"viewportHeight":947}}
[2026-03-31T10:30:49.671Z] {"timestamp":1774953048596,"kind":"scroll","url":"http://localhost:3000/","viewport":{"width":1710,"height":947},"payload":{"scrollX":0,"scrollY":1032,"documentHeight":7431,"viewportHeight":947}}
[2026-03-31T10:30:49.671Z] {"timestamp":1774953049363,"kind":"scroll","url":"http://localhost:3000/","viewport":{"width":1710,"height":947},"payload":{"scrollX":0,"scrollY":1348,"documentHeight":7431,"viewportHeight":947}}
[2026-03-31T10:30:51.669Z] {"timestamp":1774953049873,"kind":"scroll","url":"http://localhost:3000/","viewport":{"width":1710,"height":947},"payload":{"scrollX":0,"scrollY":1706,"documentHeight":7431,"viewportHeight":947}}
[2026-03-31T10:30:51.669Z] {"timestamp":1774953051121,"kind":"scroll","url":"http://localhost:3000/","viewport":{"width":1710,"height":947},"payload":{"scrollX":0,"scrollY":2144,"documentHeight":7431,"viewportHeight":947}}
[2026-03-31T10:30:55.671Z] {"timestamp":1774953054088,"kind":"scroll","url":"http://localhost:3000/","viewport":{"width":1710,"height":947},"payload":{"scrollX":0,"scrollY":2481,"documentHeight":7431,"viewportHeight":947}}
[2026-03-31T10:30:57.670Z] {"timestamp":1774953057424,"kind":"scroll","url":"http://localhost:3000/","viewport":{"width":1710,"height":947},"payload":{"scrollX":0,"scrollY":2842,"documentHeight":7431,"viewportHeight":947}}
[2026-03-31T10:30:59.670Z] {"timestamp":1774953057940,"kind":"scroll","url":"http://localhost:3000/","viewport":{"width":1710,"height":947},"payload":{"scrollX":0,"scrollY":3026,"documentHeight":7431,"viewportHeight":947}}
[2026-03-31T10:30:59.670Z] {"timestamp":1774953058540,"kind":"scroll","url":"http://localhost:3000/","viewport":{"width":1710,"height":947},"payload":{"scrollX":0,"scrollY":3432,"documentHeight":7431,"viewportHeight":947}}
[2026-03-31T10:30:59.670Z] {"timestamp":1774953059288,"kind":"scroll","url":"http://localhost:3000/","viewport":{"width":1710,"height":947},"payload":{"scrollX":0,"scrollY":3628,"documentHeight":7431,"viewportHeight":947}}
[2026-03-31T10:31:03.669Z] {"timestamp":1774953061774,"kind":"scroll","url":"http://localhost:3000/","viewport":{"width":1710,"height":947},"payload":{"scrollX":0,"scrollY":4012,"documentHeight":7431,"viewportHeight":947}}
[2026-03-31T10:31:05.671Z] {"timestamp":1774953064372,"kind":"scroll","url":"http://localhost:3000/","viewport":{"width":1710,"height":947},"payload":{"scrollX":0,"scrollY":4234,"documentHeight":7431,"viewportHeight":947}}
[2026-03-31T10:31:05.671Z] {"timestamp":1774953065079,"kind":"scroll","url":"http://localhost:3000/","viewport":{"width":1710,"height":947},"payload":{"scrollX":0,"scrollY":4534,"documentHeight":7431,"viewportHeight":947}}
[2026-03-31T10:31:07.907Z] {"timestamp":1774953065690,"kind":"scroll","url":"http://localhost:3000/","viewport":{"width":1710,"height":947},"payload":{"scrollX":0,"scrollY":5055,"documentHeight":7431,"viewportHeight":947}}
[2026-03-31T10:31:07.907Z] {"timestamp":1774953066703,"kind":"focusout","url":"http://localhost:3000/","viewport":{"width":1710,"height":947},"payload":{"target":{"tag":"button","id":null,"name":null,"type":null,"role":null,"ariaLabel":null,"testId":null,"dataLoc":"client/src/pages/Home.tsx:321","href":null,"text":"實體加盟","selectorHint":"[data-loc=\"client/src/pages/Home.tsx:321\"]"},"value":null}}
[2026-03-31T10:33:32.017Z] {"timestamp":1774953210205,"kind":"scroll","url":"http://localhost:3000/","viewport":{"width":1488,"height":841},"payload":{"scrollX":0,"scrollY":6396,"documentHeight":7802,"viewportHeight":841}}
[2026-03-31T10:33:41.661Z] {"timestamp":1774953220923,"kind":"focusin","url":"http://localhost:3000/","viewport":{"width":1488,"height":841},"payload":{"target":{"tag":"button","id":null,"name":null,"type":null,"role":null,"ariaLabel":null,"testId":null,"dataLoc":"client/src/pages/Home.tsx:321","href":null,"text":"上班族斜槓","selectorHint":"[data-loc=\"client/src/pages/Home.tsx:321\"]"}}}
[2026-03-31T10:33:41.661Z] {"timestamp":1774953221005,"kind":"click","url":"http://localhost:3000/","viewport":{"width":1488,"height":841},"payload":{"target":{"tag":"button","id":null,"name":null,"type":null,"role":null,"ariaLabel":null,"testId":null,"dataLoc":"client/src/pages/Home.tsx:321","href":null,"text":"上班族斜槓","selectorHint":"[data-loc=\"client/src/pages/Home.tsx:321\"]"},"x":954,"y":259}}
[2026-03-31T10:33:43.662Z] {"timestamp":1774953222122,"kind":"focusout","url":"http://localhost:3000/","viewport":{"width":1488,"height":841},"payload":{"target":{"tag":"button","id":null,"name":null,"type":null,"role":null,"ariaLabel":null,"testId":null,"dataLoc":"client/src/pages/Home.tsx:321","href":null,"text":"上班族斜槓","selectorHint":"[data-loc=\"client/src/pages/Home.tsx:321\"]"},"value":null}}
[2026-03-31T10:33:43.662Z] {"timestamp":1774953222122,"kind":"focusin","url":"http://localhost:3000/","viewport":{"width":1488,"height":841},"payload":{"target":{"tag":"button","id":null,"name":null,"type":null,"role":null,"ariaLabel":null,"testId":null,"dataLoc":"client/src/pages/Home.tsx:321","href":null,"text":"全職媽媽","selectorHint":"[data-loc=\"client/src/pages/Home.tsx:321\"]"}}}
[2026-03-31T10:33:43.662Z] {"timestamp":1774953222222,"kind":"click","url":"http://localhost:3000/","viewport":{"width":1488,"height":841},"payload":{"target":{"tag":"button","id":null,"name":null,"type":null,"role":null,"ariaLabel":null,"testId":null,"dataLoc":"client/src/pages/Home.tsx:321","href":null,"text":"全職媽媽","selectorHint":"[data-loc=\"client/src/pages/Home.tsx:321\"]"},"x":1021,"y":282}}
[2026-03-31T10:33:43.662Z] {"timestamp":1774953223439,"kind":"focusout","url":"http://localhost:3000/","viewport":{"width":1488,"height":841},"payload":{"target":{"tag":"button","id":null,"name":null,"type":null,"role":null,"ariaLabel":null,"testId":null,"dataLoc":"client/src/pages/Home.tsx:321","href":null,"text":"全職媽媽","selectorHint":"[data-loc=\"client/src/pages/Home.tsx:321\"]"},"value":null}}
[2026-03-31T10:33:43.662Z] {"timestamp":1774953223440,"kind":"focusin","url":"http://localhost:3000/","viewport":{"width":1488,"height":841},"payload":{"target":{"tag":"button","id":null,"name":null,"type":null,"role":null,"ariaLabel":null,"testId":null,"dataLoc":"client/src/pages/Home.tsx:321","href":null,"text":"直銷／品牌轉型","selectorHint":"[data-loc=\"client/src/pages/Home.tsx:321\"]"}}}
[2026-03-31T10:33:43.662Z] {"timestamp":1774953223521,"kind":"click","url":"http://localhost:3000/","viewport":{"width":1488,"height":841},"payload":{"target":{"tag":"button","id":null,"name":null,"type":null,"role":null,"ariaLabel":null,"testId":null,"dataLoc":"client/src/pages/Home.tsx:321","href":null,"text":"直銷／品牌轉型","selectorHint":"[data-loc=\"client/src/pages/Home.tsx:321\"]"},"x":1113,"y":269}}
[2026-03-31T10:33:45.661Z] {"timestamp":1774953224423,"kind":"focusout","url":"http://localhost:3000/","viewport":{"width":1488,"height":841},"payload":{"target":{"tag":"button","id":null,"name":null,"type":null,"role":null,"ariaLabel":null,"testId":null,"dataLoc":"client/src/pages/Home.tsx:321","href":null,"text":"直銷／品牌轉型","selectorHint":"[data-loc=\"client/src/pages/Home.tsx:321\"]"},"value":null}}
[2026-03-31T10:33:45.661Z] {"timestamp":1774953224424,"kind":"focusin","url":"http://localhost:3000/","viewport":{"width":1488,"height":841},"payload":{"target":{"tag":"button","id":null,"name":null,"type":null,"role":null,"ariaLabel":null,"testId":null,"dataLoc":"client/src/pages/Home.tsx:321","href":null,"text":"實體加盟","selectorHint":"[data-loc=\"client/src/pages/Home.tsx:321\"]"}}}
[2026-03-31T10:33:45.661Z] {"timestamp":1774953224506,"kind":"click","url":"http://localhost:3000/","viewport":{"width":1488,"height":841},"payload":{"target":{"tag":"button","id":null,"name":null,"type":null,"role":null,"ariaLabel":null,"testId":null,"dataLoc":"client/src/pages/Home.tsx:321","href":null,"text":"實體加盟","selectorHint":"[data-loc=\"client/src/pages/Home.tsx:321\"]"},"x":878,"y":333}}
[2026-03-31T10:33:45.661Z] {"timestamp":1774953225605,"kind":"focusout","url":"http://localhost:3000/","viewport":{"width":1488,"height":841},"payload":{"target":{"tag":"button","id":null,"name":null,"type":null,"role":null,"ariaLabel":null,"testId":null,"dataLoc":"client/src/pages/Home.tsx:321","href":null,"text":"實體加盟","selectorHint":"[data-loc=\"client/src/pages/Home.tsx:321\"]"},"value":null}}
[2026-03-31T10:33:45.661Z] {"timestamp":1774953225605,"kind":"focusin","url":"http://localhost:3000/","viewport":{"width":1488,"height":841},"payload":{"target":{"tag":"button","id":null,"name":null,"type":null,"role":null,"ariaLabel":null,"testId":null,"dataLoc":"client/src/pages/Home.tsx:321","href":null,"text":"直銷／品牌轉型","selectorHint":"[data-loc=\"client/src/pages/Home.tsx:321\"]"}}}
[2026-03-31T10:33:47.661Z] {"timestamp":1774953225688,"kind":"click","url":"http://localhost:3000/","viewport":{"width":1488,"height":841},"payload":{"target":{"tag":"button","id":null,"name":null,"type":null,"role":null,"ariaLabel":null,"testId":null,"dataLoc":"client/src/pages/Home.tsx:321","href":null,"text":"直銷／品牌轉型","selectorHint":"[data-loc=\"client/src/pages/Home.tsx:321\"]"},"x":1099,"y":281}}
[2026-03-31T10:33:47.661Z] {"timestamp":1774953227357,"kind":"scroll","url":"http://localhost:3000/","viewport":{"width":1488,"height":841},"payload":{"scrollX":0,"scrollY":2,"documentHeight":7802,"viewportHeight":841}}
[2026-03-31T10:33:49.661Z] {"timestamp":1774953227858,"kind":"scroll","url":"http://localhost:3000/","viewport":{"width":1488,"height":841},"payload":{"scrollX":0,"scrollY":262,"documentHeight":7802,"viewportHeight":841}}
[2026-03-31T10:33:49.662Z] {"timestamp":1774953228658,"kind":"scroll","url":"http://localhost:3000/","viewport":{"width":1488,"height":841},"payload":{"scrollX":0,"scrollY":810,"documentHeight":7802,"viewportHeight":841}}
[2026-03-31T10:33:49.662Z] {"timestamp":1774953229158,"kind":"scroll","url":"http://localhost:3000/","viewport":{"width":1488,"height":841},"payload":{"scrollX":0,"scrollY":1122,"documentHeight":7802,"viewportHeight":841}}
[2026-03-31T10:33:51.662Z] {"timestamp":1774953229991,"kind":"scroll","url":"http://localhost:3000/","viewport":{"width":1488,"height":841},"payload":{"scrollX":0,"scrollY":1528,"documentHeight":7802,"viewportHeight":841}}
[2026-03-31T10:33:51.662Z] {"timestamp":1774953230657,"kind":"scroll","url":"http://localhost:3000/","viewport":{"width":1488,"height":841},"payload":{"scrollX":0,"scrollY":1737,"documentHeight":7802,"viewportHeight":841}}
[2026-03-31T10:33:51.662Z] {"timestamp":1774953231607,"kind":"scroll","url":"http://localhost:3000/","viewport":{"width":1488,"height":841},"payload":{"scrollX":0,"scrollY":2311,"documentHeight":7802,"viewportHeight":841}}
[2026-03-31T10:33:57.662Z] {"timestamp":1774953236691,"kind":"scroll","url":"http://localhost:3000/","viewport":{"width":1488,"height":841},"payload":{"scrollX":0,"scrollY":2576,"documentHeight":7802,"viewportHeight":841}}
[2026-03-31T10:33:57.662Z] {"timestamp":1774953237191,"kind":"scroll","url":"http://localhost:3000/","viewport":{"width":1488,"height":841},"payload":{"scrollX":0,"scrollY":2896,"documentHeight":7802,"viewportHeight":841}}
[2026-03-31T10:33:59.661Z] {"timestamp":1774953237924,"kind":"scroll","url":"http://localhost:3000/","viewport":{"width":1488,"height":841},"payload":{"scrollX":0,"scrollY":2926,"documentHeight":7802,"viewportHeight":841}}
[2026-03-31T10:33:59.661Z] {"timestamp":1774953238697,"kind":"scroll","url":"http://localhost:3000/","viewport":{"width":1488,"height":841},"payload":{"scrollX":0,"scrollY":3493,"documentHeight":7802,"viewportHeight":841}}
[2026-03-31T10:33:59.661Z] {"timestamp":1774953239347,"kind":"scroll","url":"http://localhost:3000/","viewport":{"width":1488,"height":841},"payload":{"scrollX":0,"scrollY":3967,"documentHeight":7802,"viewportHeight":841}}
[2026-03-31T10:34:01.662Z] {"timestamp":1774953240114,"kind":"scroll","url":"http://localhost:3000/","viewport":{"width":1488,"height":841},"payload":{"scrollX":0,"scrollY":4388,"documentHeight":7802,"viewportHeight":841}}
[2026-03-31T10:34:01.662Z] {"timestamp":1774953241096,"kind":"scroll","url":"http://localhost:3000/","viewport":{"width":1488,"height":841},"payload":{"scrollX":0,"scrollY":4728,"documentHeight":7802,"viewportHeight":841}}
[2026-03-31T10:34:03.660Z] {"timestamp":1774953241674,"kind":"scroll","url":"http://localhost:3000/","viewport":{"width":1488,"height":841},"payload":{"scrollX":0,"scrollY":5118,"documentHeight":7802,"viewportHeight":841}}
[2026-03-31T10:34:03.660Z] {"timestamp":1774953242175,"kind":"scroll","url":"http://localhost:3000/","viewport":{"width":1488,"height":841},"payload":{"scrollX":0,"scrollY":5378,"documentHeight":7802,"viewportHeight":841}}
[2026-03-31T10:34:03.660Z] {"timestamp":1774953242675,"kind":"scroll","url":"http://localhost:3000/","viewport":{"width":1488,"height":841},"payload":{"scrollX":0,"scrollY":6058,"documentHeight":7802,"viewportHeight":841}}
[2026-03-31T10:34:03.660Z] {"timestamp":1774953243363,"kind":"scroll","url":"http://localhost:3000/","viewport":{"width":1488,"height":841},"payload":{"scrollX":0,"scrollY":6732,"documentHeight":7802,"viewportHeight":841}}
[2026-03-31T10:34:05.661Z] {"timestamp":1774953243996,"kind":"scroll","url":"http://localhost:3000/","viewport":{"width":1488,"height":841},"payload":{"scrollX":0,"scrollY":6960,"documentHeight":7802,"viewportHeight":841}}
[2026-03-31T10:34:05.661Z] {"timestamp":1774953244540,"kind":"scroll","url":"http://localhost:3000/","viewport":{"width":1488,"height":841},"payload":{"scrollX":0,"scrollY":3490.5,"documentHeight":7802,"viewportHeight":841}}
[2026-03-31T10:34:07.662Z] {"timestamp":1774953246522,"kind":"focusout","url":"http://localhost:3000/","viewport":{"width":1488,"height":841},"payload":{"target":{"tag":"button","id":null,"name":null,"type":null,"role":null,"ariaLabel":null,"testId":null,"dataLoc":"client/src/pages/Home.tsx:321","href":null,"text":"直銷／品牌轉型","selectorHint":"[data-loc=\"client/src/pages/Home.tsx:321\"]"},"value":null}}
[2026-03-31T10:34:07.662Z] {"timestamp":1774953246522,"kind":"focusin","url":"http://localhost:3000/","viewport":{"width":1488,"height":841},"payload":{"target":{"tag":"a","id":null,"name":null,"type":null,"role":null,"ariaLabel":null,"testId":null,"dataLoc":"client/src/pages/Home.tsx:219","href":"#gf","text":"為什麼選我們","selectorHint":"[data-loc=\"client/src/pages/Home.tsx:219\"]"}}}
[2026-03-31T10:34:07.662Z] {"timestamp":1774953246621,"kind":"click","url":"http://localhost:3000/","viewport":{"width":1488,"height":841},"payload":{"target":{"tag":"a","id":null,"name":null,"type":null,"role":null,"ariaLabel":null,"testId":null,"dataLoc":"client/src/pages/Home.tsx:219","href":"#gf","text":"為什麼選我們","selectorHint":"[data-loc=\"client/src/pages/Home.tsx:219\"]"},"x":668,"y":41}}
[2026-03-31T10:34:07.662Z] {"timestamp":1774953246621,"kind":"navigate","url":"http://localhost:3000/#gf","viewport":{"width":1488,"height":841},"payload":{"reason":"popstate"}}
[2026-03-31T10:34:07.662Z] {"timestamp":1774953246622,"kind":"focusout","url":"http://localhost:3000/#gf","viewport":{"width":1488,"height":841},"payload":{"target":{"tag":"a","id":null,"name":null,"type":null,"role":null,"ariaLabel":null,"testId":null,"dataLoc":"client/src/pages/Home.tsx:219","href":"#gf","text":"為什麼選我們","selectorHint":"[data-loc=\"client/src/pages/Home.tsx:219\"]"},"value":null}}
[2026-03-31T10:34:07.662Z] {"timestamp":1774953246622,"kind":"navigate","url":"http://localhost:3000/#gf","viewport":{"width":1488,"height":841},"payload":{"reason":"hashchange"}}
[2026-03-31T10:34:07.662Z] {"timestamp":1774953246636,"kind":"scroll","url":"http://localhost:3000/#gf","viewport":{"width":1488,"height":841},"payload":{"scrollX":0,"scrollY":1,"documentHeight":7802,"viewportHeight":841}}
[2026-03-31T10:34:07.662Z] {"timestamp":1774953247140,"kind":"scroll","url":"http://localhost:3000/#gf","viewport":{"width":1488,"height":841},"payload":{"scrollX":0,"scrollY":2681.5,"documentHeight":7802,"viewportHeight":841}}
[2026-03-31T10:34:07.662Z] {"timestamp":1774953247640,"kind":"scroll","url":"http://localhost:3000/#gf","viewport":{"width":1488,"height":841},"payload":{"scrollX":0,"scrollY":3605,"documentHeight":7802,"viewportHeight":841}}
[2026-03-31T10:34:13.660Z] {"timestamp":1774953251940,"kind":"focusin","url":"http://localhost:3000/#gf","viewport":{"width":1488,"height":841},"payload":{"target":{"tag":"a","id":null,"name":null,"type":null,"role":null,"ariaLabel":null,"testId":null,"dataLoc":"client/src/pages/Home.tsx:219","href":"#phases","text":"計劃","selectorHint":"[data-loc=\"client/src/pages/Home.tsx:219\"]"}}}
[2026-03-31T10:34:13.660Z] {"timestamp":1774953252055,"kind":"click","url":"http://localhost:3000/#gf","viewport":{"width":1488,"height":841},"payload":{"target":{"tag":"a","id":null,"name":null,"type":null,"role":null,"ariaLabel":null,"testId":null,"dataLoc":"client/src/pages/Home.tsx:219","href":"#phases","text":"計劃","selectorHint":"[data-loc=\"client/src/pages/Home.tsx:219\"]"},"x":749,"y":28}}
[2026-03-31T10:34:13.660Z] {"timestamp":1774953252055,"kind":"navigate","url":"http://localhost:3000/#phases","viewport":{"width":1488,"height":841},"payload":{"reason":"popstate"}}
[2026-03-31T10:34:13.660Z] {"timestamp":1774953252056,"kind":"focusout","url":"http://localhost:3000/#phases","viewport":{"width":1488,"height":841},"payload":{"target":{"tag":"a","id":null,"name":null,"type":null,"role":null,"ariaLabel":null,"testId":null,"dataLoc":"client/src/pages/Home.tsx:219","href":"#phases","text":"計劃","selectorHint":"[data-loc=\"client/src/pages/Home.tsx:219\"]"},"value":null}}
[2026-03-31T10:34:13.660Z] {"timestamp":1774953252056,"kind":"navigate","url":"http://localhost:3000/#phases","viewport":{"width":1488,"height":841},"payload":{"reason":"hashchange"}}
[2026-03-31T10:34:13.660Z] {"timestamp":1774953252074,"kind":"scroll","url":"http://localhost:3000/#phases","viewport":{"width":1488,"height":841},"payload":{"scrollX":0,"scrollY":3735.5,"documentHeight":7802,"viewportHeight":841}}
[2026-03-31T10:34:13.660Z] {"timestamp":1774953252574,"kind":"scroll","url":"http://localhost:3000/#phases","viewport":{"width":1488,"height":841},"payload":{"scrollX":0,"scrollY":5140.5,"documentHeight":7802,"viewportHeight":841}}
[2026-03-31T10:34:13.660Z] {"timestamp":1774953253637,"kind":"focusin","url":"http://localhost:3000/#phases","viewport":{"width":1488,"height":841},"payload":{"target":{"tag":"a","id":null,"name":null,"type":null,"role":null,"ariaLabel":null,"testId":null,"dataLoc":"client/src/pages/Home.tsx:219","href":"#stories","text":"見證","selectorHint":"[data-loc=\"client/src/pages/Home.tsx:219\"]"}}}
[2026-03-31T10:34:15.662Z] {"timestamp":1774953253754,"kind":"click","url":"http://localhost:3000/#phases","viewport":{"width":1488,"height":841},"payload":{"target":{"tag":"a","id":null,"name":null,"type":null,"role":null,"ariaLabel":null,"testId":null,"dataLoc":"client/src/pages/Home.tsx:219","href":"#stories","text":"見證","selectorHint":"[data-loc=\"client/src/pages/Home.tsx:219\"]"},"x":839,"y":43}}
[2026-03-31T10:34:15.662Z] {"timestamp":1774953253754,"kind":"navigate","url":"http://localhost:3000/#stories","viewport":{"width":1488,"height":841},"payload":{"reason":"popstate"}}
[2026-03-31T10:34:15.662Z] {"timestamp":1774953253755,"kind":"focusout","url":"http://localhost:3000/#stories","viewport":{"width":1488,"height":841},"payload":{"target":{"tag":"a","id":null,"name":null,"type":null,"role":null,"ariaLabel":null,"testId":null,"dataLoc":"client/src/pages/Home.tsx:219","href":"#stories","text":"見證","selectorHint":"[data-loc=\"client/src/pages/Home.tsx:219\"]"},"value":null}}
[2026-03-31T10:34:15.662Z] {"timestamp":1774953253755,"kind":"navigate","url":"http://localhost:3000/#stories","viewport":{"width":1488,"height":841},"payload":{"reason":"hashchange"}}
[2026-03-31T10:34:15.662Z] {"timestamp":1774953253757,"kind":"scroll","url":"http://localhost:3000/#stories","viewport":{"width":1488,"height":841},"payload":{"scrollX":0,"scrollY":5279,"documentHeight":7802,"viewportHeight":841}}
[2026-03-31T10:34:15.662Z] {"timestamp":1774953254257,"kind":"scroll","url":"http://localhost:3000/#stories","viewport":{"width":1488,"height":841},"payload":{"scrollX":0,"scrollY":2287.5,"documentHeight":7802,"viewportHeight":841}}
[2026-03-31T10:34:15.662Z] {"timestamp":1774953254757,"kind":"scroll","url":"http://localhost:3000/#stories","viewport":{"width":1488,"height":841},"payload":{"scrollX":0,"scrollY":1044,"documentHeight":7802,"viewportHeight":841}}
[2026-03-31T10:34:17.659Z] {"timestamp":1774953257287,"kind":"focusin","url":"http://localhost:3000/#stories","viewport":{"width":1488,"height":841},"payload":{"target":{"tag":"a","id":null,"name":null,"type":null,"role":null,"ariaLabel":null,"testId":null,"dataLoc":"client/src/pages/Home.tsx:219","href":"#gf","text":"為什麼選我們","selectorHint":"[data-loc=\"client/src/pages/Home.tsx:219\"]"}}}
[2026-03-31T10:34:17.659Z] {"timestamp":1774953257454,"kind":"click","url":"http://localhost:3000/#stories","viewport":{"width":1488,"height":841},"payload":{"target":{"tag":"a","id":null,"name":null,"type":null,"role":null,"ariaLabel":null,"testId":null,"dataLoc":"client/src/pages/Home.tsx:219","href":"#gf","text":"為什麼選我們","selectorHint":"[data-loc=\"client/src/pages/Home.tsx:219\"]"},"x":683,"y":42}}
[2026-03-31T10:34:17.659Z] {"timestamp":1774953257455,"kind":"navigate","url":"http://localhost:3000/#gf","viewport":{"width":1488,"height":841},"payload":{"reason":"popstate"}}
[2026-03-31T10:34:17.659Z] {"timestamp":1774953257455,"kind":"focusout","url":"http://localhost:3000/#gf","viewport":{"width":1488,"height":841},"payload":{"target":{"tag":"a","id":null,"name":null,"type":null,"role":null,"ariaLabel":null,"testId":null,"dataLoc":"client/src/pages/Home.tsx:219","href":"#gf","text":"為什麼選我們","selectorHint":"[data-loc=\"client/src/pages/Home.tsx:219\"]"},"value":null}}
[2026-03-31T10:34:17.659Z] {"timestamp":1774953257456,"kind":"navigate","url":"http://localhost:3000/#gf","viewport":{"width":1488,"height":841},"payload":{"reason":"hashchange"}}
[2026-03-31T10:34:17.659Z] {"timestamp":1774953257457,"kind":"scroll","url":"http://localhost:3000/#gf","viewport":{"width":1488,"height":841},"payload":{"scrollX":0,"scrollY":842,"documentHeight":7802,"viewportHeight":841}}
[2026-03-31T10:34:19.910Z] {"timestamp":1774953257957,"kind":"scroll","url":"http://localhost:3000/#gf","viewport":{"width":1488,"height":841},"payload":{"scrollX":0,"scrollY":3068.5,"documentHeight":7802,"viewportHeight":841}}
[2026-03-31T10:34:19.910Z] {"timestamp":1774953258457,"kind":"scroll","url":"http://localhost:3000/#gf","viewport":{"width":1488,"height":841},"payload":{"scrollX":0,"scrollY":3687,"documentHeight":7802,"viewportHeight":841}}
[2026-03-31T10:35:34.417Z] {"timestamp":1774953333404,"kind":"focusin","url":"http://localhost:3000/#gf","viewport":{"width":1488,"height":841},"payload":{"target":{"tag":"a","id":null,"name":null,"type":null,"role":null,"ariaLabel":null,"testId":null,"dataLoc":"client/src/pages/Home.tsx:219","href":"#brand","text":"為什麼選婕樂纖","selectorHint":"[data-loc=\"client/src/pages/Home.tsx:219\"]"}}}
[2026-03-31T10:35:34.418Z] {"timestamp":1774953333489,"kind":"click","url":"http://localhost:3000/#gf","viewport":{"width":1488,"height":841},"payload":{"target":{"tag":"a","id":null,"name":null,"type":null,"role":null,"ariaLabel":null,"testId":null,"dataLoc":"client/src/pages/Home.tsx:219","href":"#brand","text":"為什麼選婕樂纖","selectorHint":"[data-loc=\"client/src/pages/Home.tsx:219\"]"},"x":570,"y":34}}
[2026-03-31T10:35:34.418Z] {"timestamp":1774953333491,"kind":"navigate","url":"http://localhost:3000/#brand","viewport":{"width":1488,"height":841},"payload":{"reason":"popstate"}}
[2026-03-31T10:35:34.418Z] {"timestamp":1774953333492,"kind":"focusout","url":"http://localhost:3000/#brand","viewport":{"width":1488,"height":841},"payload":{"target":{"tag":"a","id":null,"name":null,"type":null,"role":null,"ariaLabel":null,"testId":null,"dataLoc":"client/src/pages/Home.tsx:219","href":"#brand","text":"為什麼選婕樂纖","selectorHint":"[data-loc=\"client/src/pages/Home.tsx:219\"]"},"value":null}}
[2026-03-31T10:35:34.418Z] {"timestamp":1774953333493,"kind":"navigate","url":"http://localhost:3000/#brand","viewport":{"width":1488,"height":841},"payload":{"reason":"hashchange"}}
[2026-03-31T10:35:34.418Z] {"timestamp":1774953333507,"kind":"scroll","url":"http://localhost:3000/#brand","viewport":{"width":1488,"height":841},"payload":{"scrollX":0,"scrollY":1,"documentHeight":7802,"viewportHeight":841}}
[2026-03-31T10:35:34.418Z] {"timestamp":1774953334008,"kind":"scroll","url":"http://localhost:3000/#brand","viewport":{"width":1488,"height":841},"payload":{"scrollX":0,"scrollY":1613.5,"documentHeight":7802,"viewportHeight":841}}
[2026-03-31T10:35:36.419Z] {"timestamp":1774953334939,"kind":"focusin","url":"http://localhost:3000/#brand","viewport":{"width":1488,"height":841},"payload":{"target":{"tag":"a","id":null,"name":null,"type":null,"role":null,"ariaLabel":null,"testId":null,"dataLoc":"client/src/pages/Home.tsx:219","href":"#gf","text":"為什麼選 GF 戰隊","selectorHint":"[data-loc=\"client/src/pages/Home.tsx:219\"]"}}}
[2026-03-31T10:35:36.419Z] {"timestamp":1774953335055,"kind":"click","url":"http://localhost:3000/#brand","viewport":{"width":1488,"height":841},"payload":{"target":{"tag":"a","id":null,"name":null,"type":null,"role":null,"ariaLabel":null,"testId":null,"dataLoc":"client/src/pages/Home.tsx:219","href":"#gf","text":"為什麼選 GF 戰隊","selectorHint":"[data-loc=\"client/src/pages/Home.tsx:219\"]"},"x":656,"y":34}}
[2026-03-31T10:35:36.419Z] {"timestamp":1774953335055,"kind":"navigate","url":"http://localhost:3000/#gf","viewport":{"width":1488,"height":841},"payload":{"reason":"popstate"}}
[2026-03-31T10:35:36.419Z] {"timestamp":1774953335056,"kind":"focusout","url":"http://localhost:3000/#gf","viewport":{"width":1488,"height":841},"payload":{"target":{"tag":"a","id":null,"name":null,"type":null,"role":null,"ariaLabel":null,"testId":null,"dataLoc":"client/src/pages/Home.tsx:219","href":"#gf","text":"為什麼選 GF 戰隊","selectorHint":"[data-loc=\"client/src/pages/Home.tsx:219\"]"},"value":null}}
[2026-03-31T10:35:36.419Z] {"timestamp":1774953335058,"kind":"navigate","url":"http://localhost:3000/#gf","viewport":{"width":1488,"height":841},"payload":{"reason":"hashchange"}}
[2026-03-31T10:35:36.419Z] {"timestamp":1774953335074,"kind":"scroll","url":"http://localhost:3000/#gf","viewport":{"width":1488,"height":841},"payload":{"scrollX":0,"scrollY":1860.5,"documentHeight":7802,"viewportHeight":841}}
[2026-03-31T10:35:36.419Z] {"timestamp":1774953335574,"kind":"scroll","url":"http://localhost:3000/#gf","viewport":{"width":1488,"height":841},"payload":{"scrollX":0,"scrollY":3481,"documentHeight":7802,"viewportHeight":841}}
[2026-03-31T10:35:36.419Z] {"timestamp":1774953336074,"kind":"scroll","url":"http://localhost:3000/#gf","viewport":{"width":1488,"height":841},"payload":{"scrollX":0,"scrollY":3731,"documentHeight":7802,"viewportHeight":841}}
[2026-03-31T10:35:38.417Z] {"timestamp":1774953336557,"kind":"focusin","url":"http://localhost:3000/#gf","viewport":{"width":1488,"height":841},"payload":{"target":{"tag":"a","id":null,"name":null,"type":null,"role":null,"ariaLabel":null,"testId":null,"dataLoc":"client/src/pages/Home.tsx:219","href":"#gf","text":"為什麼選 GF 戰隊","selectorHint":"[data-loc=\"client/src/pages/Home.tsx:219\"]"}}}
[2026-03-31T10:35:38.417Z] {"timestamp":1774953336622,"kind":"click","url":"http://localhost:3000/#gf","viewport":{"width":1488,"height":841},"payload":{"target":{"tag":"a","id":null,"name":null,"type":null,"role":null,"ariaLabel":null,"testId":null,"dataLoc":"client/src/pages/Home.tsx:219","href":"#gf","text":"為什麼選 GF 戰隊","selectorHint":"[data-loc=\"client/src/pages/Home.tsx:219\"]"},"x":759,"y":25}}
[2026-03-31T10:35:38.417Z] {"timestamp":1774953336623,"kind":"navigate","url":"http://localhost:3000/#gf","viewport":{"width":1488,"height":841},"payload":{"reason":"popstate"}}
[2026-03-31T10:35:38.417Z] {"timestamp":1774953336623,"kind":"focusout","url":"http://localhost:3000/#gf","viewport":{"width":1488,"height":841},"payload":{"target":{"tag":"a","id":null,"name":null,"type":null,"role":null,"ariaLabel":null,"testId":null,"dataLoc":"client/src/pages/Home.tsx:219","href":"#gf","text":"為什麼選 GF 戰隊","selectorHint":"[data-loc=\"client/src/pages/Home.tsx:219\"]"},"value":null}}
[2026-03-31T10:35:38.417Z] {"timestamp":1774953337438,"kind":"focusin","url":"http://localhost:3000/#gf","viewport":{"width":1488,"height":841},"payload":{"target":{"tag":"a","id":null,"name":null,"type":null,"role":null,"ariaLabel":null,"testId":null,"dataLoc":"client/src/pages/Home.tsx:219","href":"#phases","text":"計劃","selectorHint":"[data-loc=\"client/src/pages/Home.tsx:219\"]"}}}
[2026-03-31T10:35:38.417Z] {"timestamp":1774953337504,"kind":"click","url":"http://localhost:3000/#gf","viewport":{"width":1488,"height":841},"payload":{"target":{"tag":"a","id":null,"name":null,"type":null,"role":null,"ariaLabel":null,"testId":null,"dataLoc":"client/src/pages/Home.tsx:219","href":"#phases","text":"計劃","selectorHint":"[data-loc=\"client/src/pages/Home.tsx:219\"]"},"x":831,"y":22}}
[2026-03-31T10:35:38.417Z] {"timestamp":1774953337505,"kind":"navigate","url":"http://localhost:3000/#phases","viewport":{"width":1488,"height":841},"payload":{"reason":"popstate"}}
[2026-03-31T10:35:38.417Z] {"timestamp":1774953337505,"kind":"focusout","url":"http://localhost:3000/#phases","viewport":{"width":1488,"height":841},"payload":{"target":{"tag":"a","id":null,"name":null,"type":null,"role":null,"ariaLabel":null,"testId":null,"dataLoc":"client/src/pages/Home.tsx:219","href":"#phases","text":"計劃","selectorHint":"[data-loc=\"client/src/pages/Home.tsx:219\"]"},"value":null}}
[2026-03-31T10:35:38.417Z] {"timestamp":1774953337506,"kind":"navigate","url":"http://localhost:3000/#phases","viewport":{"width":1488,"height":841},"payload":{"reason":"hashchange"}}
[2026-03-31T10:35:38.417Z] {"timestamp":1774953337507,"kind":"scroll","url":"http://localhost:3000/#phases","viewport":{"width":1488,"height":841},"payload":{"scrollX":0,"scrollY":3732,"documentHeight":7802,"viewportHeight":841}}
[2026-03-31T10:35:38.417Z] {"timestamp":1774953338008,"kind":"scroll","url":"http://localhost:3000/#phases","viewport":{"width":1488,"height":841},"payload":{"scrollX":0,"scrollY":5125.5,"documentHeight":7802,"viewportHeight":841}}
[2026-03-31T10:35:40.418Z] {"timestamp":1774953339222,"kind":"focusin","url":"http://localhost:3000/#phases","viewport":{"width":1488,"height":841},"payload":{"target":{"tag":"a","id":null,"name":null,"type":null,"role":null,"ariaLabel":null,"testId":null,"dataLoc":"client/src/pages/Home.tsx:219","href":"#stories","text":"見證","selectorHint":"[data-loc=\"client/src/pages/Home.tsx:219\"]"}}}
[2026-03-31T10:35:40.418Z] {"timestamp":1774953339305,"kind":"click","url":"http://localhost:3000/#phases","viewport":{"width":1488,"height":841},"payload":{"target":{"tag":"a","id":null,"name":null,"type":null,"role":null,"ariaLabel":null,"testId":null,"dataLoc":"client/src/pages/Home.tsx:219","href":"#stories","text":"見證","selectorHint":"[data-loc=\"client/src/pages/Home.tsx:219\"]"},"x":900,"y":36}}
[2026-03-31T10:35:40.418Z] {"timestamp":1774953339306,"kind":"navigate","url":"http://localhost:3000/#stories","viewport":{"width":1488,"height":841},"payload":{"reason":"popstate"}}
[2026-03-31T10:35:40.418Z] {"timestamp":1774953339306,"kind":"focusout","url":"http://localhost:3000/#stories","viewport":{"width":1488,"height":841},"payload":{"target":{"tag":"a","id":null,"name":null,"type":null,"role":null,"ariaLabel":null,"testId":null,"dataLoc":"client/src/pages/Home.tsx:219","href":"#stories","text":"見證","selectorHint":"[data-loc=\"client/src/pages/Home.tsx:219\"]"},"value":null}}
[2026-03-31T10:35:40.418Z] {"timestamp":1774953339307,"kind":"navigate","url":"http://localhost:3000/#stories","viewport":{"width":1488,"height":841},"payload":{"reason":"hashchange"}}
[2026-03-31T10:35:40.418Z] {"timestamp":1774953339307,"kind":"scroll","url":"http://localhost:3000/#stories","viewport":{"width":1488,"height":841},"payload":{"scrollX":0,"scrollY":5279,"documentHeight":7802,"viewportHeight":841}}
[2026-03-31T10:35:40.418Z] {"timestamp":1774953339808,"kind":"scroll","url":"http://localhost:3000/#stories","viewport":{"width":1488,"height":841},"payload":{"scrollX":0,"scrollY":2287.5,"documentHeight":7802,"viewportHeight":841}}
[2026-03-31T10:35:40.418Z] {"timestamp":1774953340324,"kind":"scroll","url":"http://localhost:3000/#stories","viewport":{"width":1488,"height":841},"payload":{"scrollX":0,"scrollY":1028,"documentHeight":7802,"viewportHeight":841}}
[2026-03-31T10:35:42.421Z] {"timestamp":1774953341707,"kind":"scroll","url":"http://localhost:3000/#stories","viewport":{"width":1488,"height":841},"payload":{"scrollX":0,"scrollY":837,"documentHeight":7802,"viewportHeight":841}}
